2021-06-25_21:12:58 — Starting new HTTPS connection (1): api.mercadolibre.com:443
2021-06-25_21:12:59 — https://api.mercadolibre.com:443 "GET /categories/MLA14407 HTTP/1.1" 200 1678
2021-06-25_21:12:59 — {'id': 'MLA917080102', 'title': 'Monitor Gamer Dell Professional P2719h Led 27\xa0  Negro 100v/240v', 'category_id': 'MLA14407', 'name': 'Monitores'}
2021-06-25_21:12:59 — Starting new HTTPS connection (1): api.mercadolibre.com:443
2021-06-25_21:12:59 — https://api.mercadolibre.com:443 "GET /categories/MLA14407 HTTP/1.1" 200 1678
2021-06-25_21:12:59 — {'id': 'MLA917485457', 'title': 'Monitor Dell E Series E2220h Led 21.5\xa0  Negro 100v/240v', 'category_id': 'MLA14407', 'name': 'Monitores'}
2021-06-25_21:12:59 — Starting new HTTPS connection (1): api.mercadolibre.com:443
2021-06-25_21:12:59 — https://api.mercadolibre.com:443 "GET /categories/MLA1708 HTTP/1.1" 200 1593
2021-06-25_21:12:59 — {'id': 'MLA917202917', 'title': 'Switch Cisco Sg110d-08 Serie 110', 'category_id': 'MLA1708', 'name': 'Switches'}
2021-06-25_21:12:59 — Starting new HTTPS connection (1): api.mercadolibre.com:443
2021-06-25_21:12:59 — https://api.mercadolibre.com:443 "GET /categories/MLA430901 HTTP/1.1" 200 1596
2021-06-25_21:12:59 — {'id': 'MLA874472550', 'title': 'Router Linksys Ea-series Ea6100 Negro 100v/240v', 'category_id': 'MLA430901', 'name': 'Routers'}
2021-06-25_21:12:59 — Starting new HTTPS connection (1): api.mercadolibre.com:443
2021-06-25_21:12:59 — https://api.mercadolibre.com:443 "GET /categories/MLA14407 HTTP/1.1" 200 1678
2021-06-25_21:12:59 — {'id': 'MLA923782218', 'title': 'Monitor Gamer Dell P2419h Led 24\xa0  Negro 100v/240v', 'category_id': 'MLA14407', 'name': 'Monitores'}
2021-06-25_21:12:59 — Starting new HTTPS connection (1): api.mercadolibre.com:443
2021-06-25_21:13:00 — https://api.mercadolibre.com:443 "GET /categories/MLA430901 HTTP/1.1" 200 1596
2021-06-25_21:13:00 — {'id': 'MLA884735636', 'title': 'Router Cisco Rv Series Rv345 Negro 100v/240v', 'category_id': 'MLA430901', 'name': 'Routers'}
2021-06-25_21:13:00 — Starting new HTTPS connection (1): api.mercadolibre.com:443
2021-06-25_21:13:00 — https://api.mercadolibre.com:443 "GET /categories/MLA430901 HTTP/1.1" 200 1596
2021-06-25_21:13:00 — {'id': 'MLA870592467', 'title': 'Router Linksys E2500 Negro', 'category_id': 'MLA430901', 'name': 'Routers'}
2021-06-25_21:13:00 — Starting new HTTPS connection (1): api.mercadolibre.com:443
2021-06-25_21:13:00 — https://api.mercadolibre.com:443 "GET /categories/MLA1708 HTTP/1.1" 200 1593
2021-06-25_21:13:00 — {'id': 'MLA923612111', 'title': 'Switch Cisco Sg110-24 Small Business Serie 110', 'category_id': 'MLA1708', 'name': 'Switches'}
2021-06-25_21:13:00 — Starting new HTTPS connection (1): api.mercadolibre.com:443
2021-06-25_21:13:00 — https://api.mercadolibre.com:443 "GET /categories/MLA14407 HTTP/1.1" 200 1678
2021-06-25_21:13:00 — {'id': 'MLA918321811', 'title': 'Monitor Dell E E2720h Led 27\xa0  Negro 100v/240v', 'category_id': 'MLA14407', 'name': 'Monitores'}
2021-06-25_21:13:00 — Starting new HTTPS connection (1): api.mercadolibre.com:443
2021-06-25_21:13:01 — https://api.mercadolibre.com:443 "GET /categories/MLA1720 HTTP/1.1" 200 1587
2021-06-25_21:13:01 — {'id': 'MLA912269991', 'title': ' Apc Back-ups Br900g-ar 900va Entrada Y Salida De 230v Negro', 'category_id': 'MLA1720', 'name': 'UPS'}
2021-06-25_21:13:01 — Starting new HTTPS connection (1): api.mercadolibre.com:443
2021-06-25_21:13:01 — https://api.mercadolibre.com:443 "GET /categories/MLA430901 HTTP/1.1" 200 1596
2021-06-25_21:13:01 — {'id': 'MLA914633882', 'title': 'Access Point Interior Cisco 100 Series Wap150 Blanco', 'category_id': 'MLA430901', 'name': 'Routers'}
2021-06-25_21:13:01 — Starting new HTTPS connection (1): api.mercadolibre.com:443
2021-06-25_21:13:01 — https://api.mercadolibre.com:443 "GET /categories/MLA1652 HTTP/1.1" 200 1675
2021-06-25_21:13:01 — {'id': 'MLA913997022', 'title': 'Notebook Dell Vostro 3490 Negra 14 , Intel Core I5 10210u  8gb De Ram 1tb Hdd, Intel Uhd Graphics 60 Hz 1366x768px Windows 10 Pro', 'category_id': 'MLA1652', 'name': 'Notebooks'}
2021-06-25_21:13:01 — Starting new HTTPS connection (1): api.mercadolibre.com:443
2021-06-25_21:13:01 — https://api.mercadolibre.com:443 "GET /categories/MLA1720 HTTP/1.1" 200 1587
2021-06-25_21:13:01 — {'id': 'MLA925187179', 'title': ' Apc Back-ups Pro 1200 Br1200g-ar 1200va Entrada Y Salida De 230v Negro', 'category_id': 'MLA1720', 'name': 'UPS'}
2021-06-25_21:13:01 — Starting new HTTPS connection (1): api.mercadolibre.com:443
2021-06-25_21:13:01 — https://api.mercadolibre.com:443 "GET /categories/MLA1652 HTTP/1.1" 200 1675
2021-06-25_21:13:01 — {'id': 'MLA923578589', 'title': 'Notebook Dell Latitude 3510 Gris 15.6 , Intel Core I5 10210u  8gb De Ram 1tb Hdd, Intel Hd Graphics 620 1366x768px Windows 10 Pro', 'category_id': 'MLA1652', 'name': 'Notebooks'}
2021-06-25_21:13:01 — Starting new HTTPS connection (1): api.mercadolibre.com:443
2021-06-25_21:13:02 — https://api.mercadolibre.com:443 "GET /categories/MLA430901 HTTP/1.1" 200 1596
2021-06-25_21:13:02 — {'id': 'MLA918820148', 'title': 'Router Linksys Lrt214 Negro Y Azul', 'category_id': 'MLA430901', 'name': 'Routers'}
2021-06-25_21:13:02 — Starting new HTTPS connection (1): api.mercadolibre.com:443
2021-06-25_21:13:02 — https://api.mercadolibre.com:443 "GET /categories/MLA430901 HTTP/1.1" 200 1596
2021-06-25_21:13:02 — {'id': 'MLA884735834', 'title': 'Repetidor Linksys Re6500 Negro', 'category_id': 'MLA430901', 'name': 'Routers'}
2021-06-25_21:13:02 — Starting new HTTPS connection (1): api.mercadolibre.com:443
2021-06-25_21:13:02 — https://api.mercadolibre.com:443 "GET /categories/MLA14407 HTTP/1.1" 200 1678
2021-06-25_21:13:02 — {'id': 'MLA863267784', 'title': 'Monitor Gamer Dell Professional P2018h Led 20\xa0  Negro 100v/240v', 'category_id': 'MLA14407', 'name': 'Monitores'}
2021-06-25_21:13:02 — Starting new HTTPS connection (1): api.mercadolibre.com:443
2021-06-25_21:13:02 — https://api.mercadolibre.com:443 "GET /categories/MLA14407 HTTP/1.1" 200 1678
2021-06-25_21:13:02 — {'id': 'MLA926597938', 'title': 'Monitor Dell E E2420h Led 24\xa0  Negro 100v/240v', 'category_id': 'MLA14407', 'name': 'Monitores'}
2021-06-25_21:13:02 — Starting new HTTPS connection (1): api.mercadolibre.com:443
2021-06-25_21:13:02 — https://api.mercadolibre.com:443 "GET /categories/MLA430901 HTTP/1.1" 200 1596
2021-06-25_21:13:02 — {'id': 'MLA919422304', 'title': 'Access Point, Router Linksys Mr8300 Negro 100v/240v', 'category_id': 'MLA430901', 'name': 'Routers'}
2021-06-25_21:13:03 — Starting new HTTPS connection (1): api.mercadolibre.com:443
2021-06-25_21:13:03 — https://api.mercadolibre.com:443 "GET /categories/MLA1708 HTTP/1.1" 200 1593
2021-06-25_21:13:03 — {'id': 'MLA917517444', 'title': 'Switch Cisco Sg250-50p Serie 250', 'category_id': 'MLA1708', 'name': 'Switches'}
2021-06-25_21:13:03 — Starting new HTTPS connection (1): api.mercadolibre.com:443
2021-06-25_21:13:03 — https://api.mercadolibre.com:443 "GET /categories/MLA1720 HTTP/1.1" 200 1587
2021-06-25_21:13:03 — {'id': 'MLA917516307', 'title': ' Apc Smart-ups Srt Srt5kxli 5000va Entrada Y Salida De 230v Negro', 'category_id': 'MLA1720', 'name': 'UPS'}
2021-06-25_21:13:03 — Starting new HTTPS connection (1): api.mercadolibre.com:443
2021-06-25_21:13:03 — https://api.mercadolibre.com:443 "GET /categories/MLA1720 HTTP/1.1" 200 1587
2021-06-25_21:13:03 — {'id': 'MLA917515758', 'title': ' Apc Easy Ups Srv6ki 6000va Entrada Y Salida De 230v Negro', 'category_id': 'MLA1720', 'name': 'UPS'}
2021-06-25_21:13:03 — Starting new HTTPS connection (1): api.mercadolibre.com:443
2021-06-25_21:13:03 — https://api.mercadolibre.com:443 "GET /categories/MLA1720 HTTP/1.1" 200 1587
2021-06-25_21:13:03 — {'id': 'MLA925474288', 'title': ' Apc Easy Ups Bv Bv650i-ar 650va Entrada Y Salida De 230v Negro', 'category_id': 'MLA1720', 'name': 'UPS'}
2021-06-25_21:13:03 — Starting new HTTPS connection (1): api.mercadolibre.com:443
2021-06-25_21:13:04 — https://api.mercadolibre.com:443 "GET /categories/MLA1652 HTTP/1.1" 200 1675
2021-06-25_21:13:04 — {'id': 'MLA914898074', 'title': 'Notebook Dell Vostro 3490 Negra 14 , Intel Core I5 10210u  8gb De Ram 1tb Hdd 240gb Ssd, Intel Uhd Graphics 60 Hz 1366x768px Windows 10 Pro', 'category_id': 'MLA1652', 'name': 'Notebooks'}
2021-06-25_21:13:04 — Starting new HTTPS connection (1): api.mercadolibre.com:443
2021-06-25_21:13:04 — https://api.mercadolibre.com:443 "GET /categories/MLA1652 HTTP/1.1" 200 1675
2021-06-25_21:13:04 — {'id': 'MLA927113031', 'title': 'Notebook Dell Inspiron 3505 Gris 15.6 , Amd Ryzen 5 3450u  8gb De Ram 256gb Ssd, Amd Radeon Vega 8 1366x768px Windows 10 Home', 'category_id': 'MLA1652', 'name': 'Notebooks'}
2021-06-25_21:13:04 — Starting new HTTPS connection (1): api.mercadolibre.com:443
2021-06-25_21:13:04 — https://api.mercadolibre.com:443 "GET /categories/MLA430901 HTTP/1.1" 200 1596
2021-06-25_21:13:04 — {'id': 'MLA898898561', 'title': 'Repetidor, Router, Sistema Wi-fi Mesh Linksys Velop Wifi Intelligent Mesh Blanco 100v/240v', 'category_id': 'MLA430901', 'name': 'Routers'}
2021-06-25_21:13:04 — Starting new HTTPS connection (1): api.mercadolibre.com:443
2021-06-25_21:13:04 — https://api.mercadolibre.com:443 "GET /categories/MLA1652 HTTP/1.1" 200 1675
2021-06-25_21:13:04 — {'id': 'MLA923578550', 'title': 'Notebook Dell Latitude 3510 Gris 15.6 , Intel Core I5 10210u  4gb De Ram 1tb Hdd, Intel Uhd Graphics 620 1920x1080px Windows 10 Pro', 'category_id': 'MLA1652', 'name': 'Notebooks'}
2021-06-25_21:13:04 — Starting new HTTPS connection (1): api.mercadolibre.com:443
2021-06-25_21:13:04 — https://api.mercadolibre.com:443 "GET /categories/MLA1652 HTTP/1.1" 200 1675
2021-06-25_21:13:05 — {'id': 'MLA919620195', 'title': 'Notebook Dell Vostro 3490 Negra 14 , Intel Core I5 10210u  16gb De Ram 1tb Hdd, Intel Hd Graphics 60 Hz 1366x768px Windows 10 Pro', 'category_id': 'MLA1652', 'name': 'Notebooks'}
2021-06-25_21:13:05 — Starting new HTTPS connection (1): api.mercadolibre.com:443
2021-06-25_21:13:05 — https://api.mercadolibre.com:443 "GET /categories/MLA1652 HTTP/1.1" 200 1675
2021-06-25_21:13:05 — {'id': 'MLA927112630', 'title': 'Notebook Dell Inspiron 3505 Gris 15.6 , Amd Ryzen 5 3450u  16gb De Ram 1tb Hdd 256gb Ssd, Amd Radeon Vega 8 1366x768px Windows 10 Home', 'category_id': 'MLA1652', 'name': 'Notebooks'}
2021-06-25_21:13:05 — Starting new HTTPS connection (1): api.mercadolibre.com:443
2021-06-25_21:13:05 — https://api.mercadolibre.com:443 "GET /categories/MLA1652 HTTP/1.1" 200 1675
2021-06-25_21:13:05 — {'id': 'MLA914901828', 'title': 'Notebook Dell Vostro 3490 Negra 14 , Intel Core I5 10210u  32gb De Ram 1tb Hdd 240gb Ssd, Intel Uhd Graphics 60 Hz 1366x768px Windows 10 Pro', 'category_id': 'MLA1652', 'name': 'Notebooks'}
2021-06-25_21:13:05 — Starting new HTTPS connection (1): api.mercadolibre.com:443
2021-06-25_21:13:05 — https://api.mercadolibre.com:443 "GET /categories/MLA1652 HTTP/1.1" 200 1675
2021-06-25_21:13:05 — {'id': 'MLA927112732', 'title': 'Notebook Dell Inspiron 3505 Gris 15.6 , Amd Ryzen 5 3450u  16gb De Ram 256gb Ssd, Amd Radeon Vega 8 1366x768px Windows 10 Home', 'category_id': 'MLA1652', 'name': 'Notebooks'}
2021-06-25_21:13:05 — Starting new HTTPS connection (1): api.mercadolibre.com:443
2021-06-25_21:13:05 — https://api.mercadolibre.com:443 "GET /categories/MLA1652 HTTP/1.1" 200 1675
2021-06-25_21:13:05 — {'id': 'MLA927112638', 'title': 'Notebook Dell Inspiron 3505 Gris 15.6 , Amd Ryzen 5 3450u  8gb De Ram 1tb Hdd 256gb Ssd, Amd Radeon Vega 8 1366x768px Windows 10 Home', 'category_id': 'MLA1652', 'name': 'Notebooks'}
2021-06-25_21:13:05 — Starting new HTTPS connection (1): api.mercadolibre.com:443
2021-06-25_21:13:06 — https://api.mercadolibre.com:443 "GET /categories/MLA1652 HTTP/1.1" 200 1675
2021-06-25_21:13:06 — {'id': 'MLA914900871', 'title': 'Notebook Dell Vostro 3490 Negra 14 , Intel Core I5 10210u  12gb De Ram 1tb Hdd, Intel Hd Graphics 60 Hz 1366x768px Windows 10 Pro', 'category_id': 'MLA1652', 'name': 'Notebooks'}
2021-06-25_21:13:06 — Starting new HTTPS connection (1): api.mercadolibre.com:443
2021-06-25_21:13:06 — https://api.mercadolibre.com:443 "GET /categories/MLA1708 HTTP/1.1" 200 1593
2021-06-25_21:13:06 — {'id': 'MLA926001777', 'title': 'Switch Linksys Se3005', 'category_id': 'MLA1708', 'name': 'Switches'}
2021-06-25_21:13:06 — Starting new HTTPS connection (1): api.mercadolibre.com:443
2021-06-25_21:13:06 — https://api.mercadolibre.com:443 "GET /categories/MLA1720 HTTP/1.1" 200 1587
2021-06-25_21:13:06 — {'id': 'MLA926280125', 'title': ' Apc Easy Ups Bv500i-ar 500va Entrada Y Salida De 230v Negro', 'category_id': 'MLA1720', 'name': 'UPS'}
2021-06-25_21:13:06 — Starting new HTTPS connection (1): api.mercadolibre.com:443
2021-06-25_21:13:06 — https://api.mercadolibre.com:443 "GET /categories/MLA430901 HTTP/1.1" 200 1596
2021-06-25_21:13:06 — {'id': 'MLA919421624', 'title': 'Access Point, Router Linksys Max-stream Ea7300 Negro 100v/240v', 'category_id': 'MLA430901', 'name': 'Routers'}
2021-06-25_21:13:06 — Starting new HTTPS connection (1): api.mercadolibre.com:443
2021-06-25_21:13:06 — https://api.mercadolibre.com:443 "GET /categories/MLA1652 HTTP/1.1" 200 1675
2021-06-25_21:13:06 — {'id': 'MLA927154124', 'title': 'Notebook Dell Inspiron 3505 Gris 15.6 , Amd Ryzen 5 3450u  12gb De Ram 1tb Hdd 256gb Ssd, Amd Radeon Vega 8 1366x768px Windows 10 Home', 'category_id': 'MLA1652', 'name': 'Notebooks'}
2021-06-25_21:13:06 — Starting new HTTPS connection (1): api.mercadolibre.com:443
2021-06-25_21:13:07 — https://api.mercadolibre.com:443 "GET /categories/MLA1720 HTTP/1.1" 200 1587
2021-06-25_21:13:07 — {'id': 'MLA925179224', 'title': ' Apc Easy Ups Bv1000i-ar 1000va Entrada Y Salida De 230v Negro', 'category_id': 'MLA1720', 'name': 'UPS'}
2021-06-25_21:13:07 — Starting new HTTPS connection (1): api.mercadolibre.com:443
2021-06-25_21:13:07 — https://api.mercadolibre.com:443 "GET /categories/MLA1720 HTTP/1.1" 200 1587
2021-06-25_21:13:07 — {'id': 'MLA926291038', 'title': ' Apc Easy Ups Srv3000 Srv3ki-ar 3000va Entrada Y Salida De 220v/240v Negro', 'category_id': 'MLA1720', 'name': 'UPS'}
2021-06-25_21:13:07 — Starting new HTTPS connection (1): api.mercadolibre.com:443
2021-06-25_21:13:07 — https://api.mercadolibre.com:443 "GET /categories/MLA430901 HTTP/1.1" 200 1596
2021-06-25_21:13:07 — {'id': 'MLA884736168', 'title': 'Router Cisco Rv Series Rv340 Negro 100v/240v', 'category_id': 'MLA430901', 'name': 'Routers'}
2021-06-25_21:13:07 — Starting new HTTPS connection (1): api.mercadolibre.com:443
2021-06-25_21:13:07 — https://api.mercadolibre.com:443 "GET /categories/MLA1720 HTTP/1.1" 200 1587
2021-06-25_21:13:07 — {'id': 'MLA917515954', 'title': ' Apc Back-ups Br550g-ar 550va Entrada Y Salida De 230v Negro', 'category_id': 'MLA1720', 'name': 'UPS'}
2021-06-25_21:13:07 — Starting new HTTPS connection (1): api.mercadolibre.com:443
2021-06-25_21:13:08 — https://api.mercadolibre.com:443 "GET /categories/MLA1652 HTTP/1.1" 200 1675
2021-06-25_21:13:08 — {'id': 'MLA914895665', 'title': 'Notebook Dell Vostro 3490 Negra 14 , Intel Core I5 10210u  4gb De Ram 1tb Hdd, Intel Hd Graphics 60 Hz 1366x768px Windows 10 Pro', 'category_id': 'MLA1652', 'name': 'Notebooks'}
2021-06-25_21:13:08 — Starting new HTTPS connection (1): api.mercadolibre.com:443
2021-06-25_21:13:08 — https://api.mercadolibre.com:443 "GET /categories/MLA1652 HTTP/1.1" 200 1675
2021-06-25_21:13:08 — {'id': 'MLA927153653', 'title': 'Notebook Dell Inspiron 3505 Gris 15.6 , Amd Ryzen 5 3450u  12gb De Ram 256gb Ssd, Amd Radeon Vega 8 1366x768px Windows 10 Home', 'category_id': 'MLA1652', 'name': 'Notebooks'}
2021-06-25_21:13:08 — Starting new HTTPS connection (1): api.mercadolibre.com:443
2021-06-25_21:13:08 — https://api.mercadolibre.com:443 "GET /categories/MLA1708 HTTP/1.1" 200 1593
2021-06-25_21:13:08 — {'id': 'MLA926000369', 'title': 'Switch Linksys Se3008', 'category_id': 'MLA1708', 'name': 'Switches'}
2021-06-25_21:13:08 — Starting new HTTPS connection (1): api.mercadolibre.com:443
2021-06-25_21:13:08 — https://api.mercadolibre.com:443 "GET /categories/MLA1652 HTTP/1.1" 200 1675
2021-06-25_21:13:08 — {'id': 'MLA924050456', 'title': 'Notebook Dell Inspiron 15.6 Fhd I5 11g 16gb 256gb Letra Ñ', 'category_id': 'MLA1652', 'name': 'Notebooks'}
2021-06-25_21:13:08 — Starting new HTTPS connection (1): api.mercadolibre.com:443
2021-06-25_21:13:09 — https://api.mercadolibre.com:443 "GET /categories/MLA1652 HTTP/1.1" 200 1675
2021-06-25_21:13:09 — {'id': 'MLA919297554', 'title': 'Notebook Dell Vostro 3401 I3 16gb 1tb + 240ssd Win 10 Home', 'category_id': 'MLA1652', 'name': 'Notebooks'}
2021-06-25_21:13:09 — Starting new HTTPS connection (1): api.mercadolibre.com:443
2021-06-25_21:13:09 — https://api.mercadolibre.com:443 "GET /categories/MLA430901 HTTP/1.1" 200 1596
2021-06-25_21:13:09 — {'id': 'MLA723894918', 'title': 'Router 16 Puertos Cisco Rv345-k9 Dual Wan Giga Vpn 16p Rv345', 'category_id': 'MLA430901', 'name': 'Routers'}
2021-06-25_21:13:09 — Starting new HTTPS connection (1): api.mercadolibre.com:443
2021-06-25_21:13:09 — https://api.mercadolibre.com:443 "GET /categories/MLA1708 HTTP/1.1" 200 1593
2021-06-25_21:13:09 — {'id': 'MLA685442693', 'title': 'Switch Cisco 24 Puertos Gigabit Rack 10/100/1000', 'category_id': 'MLA1708', 'name': 'Switches'}
2021-06-25_21:13:09 — Starting new HTTPS connection (1): api.mercadolibre.com:443
2021-06-25_21:13:09 — https://api.mercadolibre.com:443 "GET /categories/MLA1720 HTTP/1.1" 200 1587
2021-06-25_21:13:09 — {'id': 'MLA614270244', 'title': 'Ups Apc 1000va Para Pc Gamer Simil Bx1100 Bv1000i-ar Estabilizador Y Protector De Tension Gtia Oficial 2 Años', 'category_id': 'MLA1720', 'name': 'UPS'}
2021-06-25_21:13:09 — Starting new HTTPS connection (1): api.mercadolibre.com:443
2021-06-25_21:13:10 — https://api.mercadolibre.com:443 "GET /categories/MLA1652 HTTP/1.1" 200 1675
2021-06-25_21:13:10 — {'id': 'MLA901277034', 'title': 'Notebook Dell Insp Amd Ryzen 5 8gb 256ssd + 480ssd 15,6 W10', 'category_id': 'MLA1652', 'name': 'Notebooks'}
